{ "Level : "INFO", "className" : "coreJava.BuildingJacksonApi", "Method Name" : "main", "Point" : "start", "Date": "Thu Jan 21 17:43:13 IST 2021", "Exception" : "null" }
{ "Level : "INFO", "className" : "coreJava.BuildingJacksonApi", "Method Name" : "buildJson", "Point" : "Entry", "Date": "Sun Jan 24 09:32:06 IST 2021", "Exception" : "null" }
{ "Level : "INFO", "className" : "coreJava.BuildingJacksonApi", "Method Name" : "buildJson", "Point" : "Exit", "Date": "Sun Jan 24 09:32:06 IST 2021", "Exception" : "null" }
{ "Level : "INFO", "className" : "coreJava.UrlExample", "Method Name" : "main", "Point" : "Exit", "Date": "Fri Jan 29 10:23:53 IST 2021", "Exception" : "null" }
{ "Level : "INFO", "className" : "Leetcode.TruckMax", "Method Name" : "main", "Point" : "Entry", "Date": "Sat Jan 30 10:28:54 IST 2021", "Exception" : "null" }
{ "Level : "INFO", "className" : "Leetcode.TruckMax", "Method Name" : "maximumUnits", "Point" : "Entry", "Date": "Sat Jan 30 10:28:54 IST 2021", "Exception" : "null" }
{ "Level : "INFO", "className" : "Leetcode.TruckMax", "Method Name" : "maximumUnits", "Point" : "Exit", "Date": "Sat Jan 30 10:28:54 IST 2021", "Exception" : "null" }
{ "Level : "INFO", "className" : "Leetcode.TruckMax", "Method Name" : "main", "Point" : "Exit", "Date": "Sat Jan 30 10:28:54 IST 2021", "Exception" : "null" }
{ "Level : "INFO", "className" : "MultiThreading.RunnableAlt", "Method Name" : "main", "Point" : "Entry", "Date": "Sun Jan 31 08:33:12 IST 2021", "Exception" : "null" }
{ "Level : "INFO", "className" : "MultiThreading.RunnableAlt", "Method Name" : "RunnableAlt.start", "Point" : "Entry", "Date": "Sun Jan 31 08:33:12 IST 2021", "Exception" : "null" }
{ "Level : "INFO", "className" : "MultiThreading.RunnableAlt", "Method Name" : "RunnableAlt.start", "Point" : "Entry", "Date": "Sun Jan 31 08:33:12 IST 2021", "Exception" : "null" }
{ "Level : "INFO", "className" : "MultiThreading.RunnableAlt", "Method Name" : "RunnableAlt.run", "Point" : "Entry", "Date": "Sun Jan 31 08:33:12 IST 2021", "Exception" : "null" }
{ "Level : "INFO", "className" : "MultiThreading.RunnableAlt", "Method Name" : "RunnableAlt.run", "Point" : "Entry", "Date": "Sun Jan 31 08:33:12 IST 2021", "Exception" : "null" }
{ "Level : "INFO", "className" : "MultiThreading.RunnableAlt", "Method Name" : "RunnableAlt.run", "Point" : "Exit", "Date": "Sun Jan 31 08:33:12 IST 2021", "Exception" : "null" }
{ "Level : "INFO", "className" : "MultiThreading.RunnableAlt", "Method Name" : "RunnableAlt.run", "Point" : "Exit", "Date": "Sun Jan 31 08:33:12 IST 2021", "Exception" : "null" }
{ "Level : "INFO", "className" : "MultiThreading.RunnableWorker", "Method Name" : "run", "Point" : "Entry", "Date": "Wed Feb 03 10:37:41 IST 2021", "Exception" : "null" }
{ "Level : "INFO", "className" : "Leetcode.ShuffleArray", "Method Name" : "shuffle", "Point" : "Entry", "Date": "Thu Feb 04 13:59:00 IST 2021", "Exception" : "null" }
{ "Level : "INFO", "className" : "Leetcode.ShuffleArray", "Method Name" : "shuffle", "Point" : "Entry", "Date": "Thu Feb 04 14:02:20 IST 2021", "Exception" : "null" }
{ "Level : "INFO", "className" : "Leetcode.ShuffleArray", "Method Name" : "shuffle", "Point" : "Entry", "Date": "Thu Feb 04 14:05:27 IST 2021", "Exception" : "null" }
{ "Level : "INFO", "className" : "Leetcode.ShuffleArray", "Method Name" : "shuffle", "Point" : "Entry", "Date": "Thu Feb 04 14:05:45 IST 2021", "Exception" : "null" }
{ "Level : "INFO", "className" : "Leetcode.ShuffleArray", "Method Name" : "shuffle", "Point" : "Entry", "Date": "Thu Feb 04 14:06:00 IST 2021", "Exception" : "null" }
{ "Level : "INFO", "className" : "Leetcode.ShuffleArray", "Method Name" : "shuffle", "Point" : "Entry", "Date": "Thu Feb 04 14:06:39 IST 2021", "Exception" : "null" }
{ "Level : "INFO", "className" : "Leetcode.ShuffleArray", "Method Name" : "shuffle", "Point" : "Entry", "Date": "Thu Feb 04 14:07:55 IST 2021", "Exception" : "null" }
{ "Level : "INFO", "className" : "Leetcode.ShuffleArray", "Method Name" : "shuffle", "Point" : "Entry", "Date": "Thu Feb 04 14:11:12 IST 2021", "Exception" : "null" }
{ "Level : "INFO", "className" : "Leetcode.ShuffleArray", "Method Name" : "shuffle", "Point" : "Entry", "Date": "Thu Feb 04 14:12:53 IST 2021", "Exception" : "null" }
{ "Level : "INFO", "className" : "Leetcode.ShuffleArray", "Method Name" : "shuffle", "Point" : "Entry", "Date": "Thu Feb 04 14:13:35 IST 2021", "Exception" : "null" }
{ "Level : "INFO", "className" : "Leetcode.ShuffleArray", "Method Name" : "shuffle", "Point" : "Entry", "Date": "Thu Feb 04 14:14:31 IST 2021", "Exception" : "null" }
{ "Level : "INFO", "className" : "Leetcode.ShuffleArray", "Method Name" : "shuffle", "Point" : "Entry", "Date": "Thu Feb 04 14:15:21 IST 2021", "Exception" : "null" }
{ "Level : "INFO", "className" : "Leetcode.ShuffleArray", "Method Name" : "shuffle", "Point" : "Entry", "Date": "Thu Feb 04 14:15:36 IST 2021", "Exception" : "null" }
{ "Level : "INFO", "className" : "Leetcode.ShuffleArray", "Method Name" : "shuffle", "Point" : "Entry", "Date": "Thu Feb 04 14:16:21 IST 2021", "Exception" : "null" }
{ "Level : "INFO", "className" : "Leetcode.ShuffleArray", "Method Name" : "shuffle", "Point" : "Entry", "Date": "Thu Feb 04 14:22:38 IST 2021", "Exception" : "null" }
{ "Level : "INFO", "className" : "Leetcode.ShuffleArray", "Method Name" : "shuffle", "Point" : "Entry", "Date": "Thu Feb 04 14:22:55 IST 2021", "Exception" : "null" }
{ "Level : "INFO", "className" : "Leetcode.ShuffleArray", "Method Name" : "shuffle", "Point" : "Entry", "Date": "Thu Feb 04 14:24:22 IST 2021", "Exception" : "null" }
{ "Level : "INFO", "className" : "Leetcode.ShuffleArray", "Method Name" : "shuffle", "Point" : "Entry", "Date": "Thu Feb 04 14:24:29 IST 2021", "Exception" : "null" }
{ "Level : "INFO", "className" : "Leetcode.ShuffleArray", "Method Name" : "shuffle", "Point" : "Entry", "Date": "Thu Feb 04 14:25:51 IST 2021", "Exception" : "null" }
{ "Level : "INFO", "className" : "Leetcode.ShuffleArray", "Method Name" : "shuffle", "Point" : "Entry", "Date": "Thu Feb 04 14:26:21 IST 2021", "Exception" : "null" }
{ "Level : "INFO", "className" : "Leetcode.ShuffleArray", "Method Name" : "shuffle", "Point" : "Entry", "Date": "Thu Feb 04 14:30:06 IST 2021", "Exception" : "null" }
{ "Level : "INFO", "className" : "Leetcode.ShuffleArray", "Method Name" : "shuffle", "Point" : "Entry", "Date": "Thu Feb 04 14:31:24 IST 2021", "Exception" : "null" }
{ "Level : "INFO", "className" : "Leetcode.ShuffleArray", "Method Name" : "shuffle", "Point" : "Entry", "Date": "Thu Feb 04 14:31:55 IST 2021", "Exception" : "null" }
{ "Level : "INFO", "className" : "Leetcode.ShuffleArray", "Method Name" : "shuffle", "Point" : "Entry", "Date": "Thu Feb 04 14:32:09 IST 2021", "Exception" : "null" }
{ "Level : "INFO", "className" : "Leetcode.ShuffleArray", "Method Name" : "shuffle", "Point" : "Entry", "Date": "Thu Feb 04 14:43:24 IST 2021", "Exception" : "null" }
{ "Level : "INFO", "className" : "Leetcode.ShuffleArray", "Method Name" : "shuffle", "Point" : "Entry", "Date": "Thu Feb 04 14:51:58 IST 2021", "Exception" : "null" }
{ "Level : "INFO", "className" : "Leetcode.ShuffleArray", "Method Name" : "shuffle", "Point" : "Exit", "Date": "Thu Feb 04 14:51:58 IST 2021", "Exception" : "null" }
{ "Level : "INFO", "className" : "Leetcode.GoodPairs", "Method Name" : "numIdenticalPairs", "Point" : "Entry", "Date": "Sat Feb 06 10:33:11 IST 2021", "Exception" : "null" }
{ "Level : "INFO", "className" : "Leetcode.GoodPairs", "Method Name" : "numIdenticalPairs", "Point" : "Exit", "Date": "Sat Feb 06 10:33:11 IST 2021", "Exception" : "null" }
{ "Level : "INFO", "className" : "Leetcode.GoodPairs", "Method Name" : "numIdenticalPairs", "Point" : "Entry", "Date": "Sat Feb 06 10:33:24 IST 2021", "Exception" : "null" }
{ "Level : "INFO", "className" : "Leetcode.GoodPairs", "Method Name" : "numIdenticalPairs", "Point" : "Exit", "Date": "Sat Feb 06 10:33:24 IST 2021", "Exception" : "null" }
{ "Level : "INFO", "className" : "Leetcode.GoodPairs", "Method Name" : "numIdenticalPairs", "Point" : "Entry", "Date": "Sat Feb 06 10:35:31 IST 2021", "Exception" : "null" }
{ "Level : "INFO", "className" : "Leetcode.GoodPairs", "Method Name" : "numIdenticalPairs", "Point" : "Exit", "Date": "Sat Feb 06 10:35:31 IST 2021", "Exception" : "null" }
{ "Level : "INFO", "className" : "Leetcode.GoodPairs", "Method Name" : "numIdenticalPairs", "Point" : "Entry", "Date": "Sat Feb 06 10:44:14 IST 2021", "Exception" : "null" }
{ "Level : "INFO", "className" : "Leetcode.GoodPairs", "Method Name" : "numIdenticalPairs", "Point" : "Exit", "Date": "Sat Feb 06 10:44:14 IST 2021", "Exception" : "null" }
{ "Level : "INFO", "className" : "Leetcode.GoodPairs", "Method Name" : "numIdenticalPairs", "Point" : "Entry", "Date": "Sat Feb 06 10:44:19 IST 2021", "Exception" : "null" }
{ "Level : "INFO", "className" : "Leetcode.GoodPairs", "Method Name" : "numIdenticalPairs", "Point" : "Exit", "Date": "Sat Feb 06 10:44:19 IST 2021", "Exception" : "null" }
{ "Level : "INFO", "className" : "Leetcode.GoodPairs", "Method Name" : "numIdenticalPairs", "Point" : "Entry", "Date": "Sat Feb 06 10:47:33 IST 2021", "Exception" : "null" }
{ "Level : "INFO", "className" : "Leetcode.GoodPairs", "Method Name" : "numIdenticalPairs", "Point" : "Exit", "Date": "Sat Feb 06 10:47:33 IST 2021", "Exception" : "null" }
{ "Level : "INFO", "className" : "Leetcode.GoodPairs", "Method Name" : "numIdenticalPairs", "Point" : "Entry", "Date": "Sat Feb 06 10:49:39 IST 2021", "Exception" : "null" }
{ "Level : "INFO", "className" : "Leetcode.GoodPairs", "Method Name" : "numIdenticalPairs", "Point" : "Exit", "Date": "Sat Feb 06 10:49:39 IST 2021", "Exception" : "null" }
{ "Level : "INFO", "className" : "Leetcode.GoodPairs", "Method Name" : "numIdenticalPairs", "Point" : "Entry", "Date": "Sat Feb 06 10:49:52 IST 2021", "Exception" : "null" }
{ "Level : "INFO", "className" : "Leetcode.GoodPairs", "Method Name" : "numIdenticalPairs", "Point" : "Exit", "Date": "Sat Feb 06 10:49:52 IST 2021", "Exception" : "null" }
{ "Level : "INFO", "className" : "Leetcode.GoodPairs", "Method Name" : "numIdenticalPairs", "Point" : "Entry", "Date": "Sat Feb 06 10:51:04 IST 2021", "Exception" : "null" }
{ "Level : "INFO", "className" : "Leetcode.GoodPairs", "Method Name" : "numIdenticalPairs", "Point" : "Exit", "Date": "Sat Feb 06 10:51:04 IST 2021", "Exception" : "null" }
{ "Level : "INFO", "className" : "coreJava.BuildingJacksonApi", "Method Name" : "buildJson", "Point" : "Entry", "Date": "Sat Feb 06 11:07:59 IST 2021", "Exception" : "null" }
{ "Level : "INFO", "className" : "coreJava.BuildingJacksonApi", "Method Name" : "buildJson", "Point" : "Exit", "Date": "Sat Feb 06 11:07:59 IST 2021", "Exception" : "null" }
{ "Level : "INFO", "className" : "Leetcode.GoodPairs", "Method Name" : "numIdenticalPairs", "Point" : "Entry", "Date": "Sun Feb 07 08:32:31 IST 2021", "Exception" : "null" }
{ "Level : "INFO", "className" : "Leetcode.GoodPairs", "Method Name" : "numIdenticalPairs", "Point" : "Exit", "Date": "Sun Feb 07 08:32:32 IST 2021", "Exception" : "null" }
{ "Level : "INFO", "className" : "Leetcode.GoodPairs", "Method Name" : "numIdenticalPairs", "Point" : "Entry", "Date": "Sun Feb 07 08:34:09 IST 2021", "Exception" : "null" }
{ "Level : "INFO", "className" : "Leetcode.GoodPairs", "Method Name" : "numIdenticalPairs", "Point" : "Exit", "Date": "Sun Feb 07 08:34:09 IST 2021", "Exception" : "null" }
{ "Level : "INFO", "className" : "Leetcode.GoodPairs", "Method Name" : "numIdenticalPairs", "Point" : "Entry", "Date": "Sun Feb 07 08:35:03 IST 2021", "Exception" : "null" }
{ "Level : "INFO", "className" : "Leetcode.GoodPairs", "Method Name" : "numIdenticalPairs", "Point" : "Exit", "Date": "Sun Feb 07 08:35:03 IST 2021", "Exception" : "null" }
{ "Level : "INFO", "className" : "Leetcode.GoodPairs", "Method Name" : "numIdenticalPairs", "Point" : "Entry", "Date": "Sun Feb 07 08:35:20 IST 2021", "Exception" : "null" }
{ "Level : "INFO", "className" : "Leetcode.GoodPairs", "Method Name" : "numIdenticalPairs", "Point" : "Exit", "Date": "Sun Feb 07 08:35:20 IST 2021", "Exception" : "null" }
{ "Level : "INFO", "className" : "Leetcode.GoodPairs", "Method Name" : "numIdenticalPairs", "Point" : "Entry", "Date": "Sun Feb 07 08:52:21 IST 2021", "Exception" : "null" }
{ "Level : "INFO", "className" : "Leetcode.GoodPairs", "Method Name" : "numIdenticalPairs", "Point" : "Exit", "Date": "Sun Feb 07 08:52:21 IST 2021", "Exception" : "null" }
{ "Level : "INFO", "className" : "Leetcode.GoodPairs", "Method Name" : "numIdenticalPairs", "Point" : "Entry", "Date": "Sun Feb 07 08:52:32 IST 2021", "Exception" : "null" }
{ "Level : "INFO", "className" : "Leetcode.GoodPairs", "Method Name" : "numIdenticalPairs", "Point" : "Exit", "Date": "Sun Feb 07 08:52:32 IST 2021", "Exception" : "null" }
{ "Level : "INFO", "className" : "Leetcode.GoodPairs", "Method Name" : "numIdenticalPairs", "Point" : "Entry", "Date": "Sun Feb 07 08:52:50 IST 2021", "Exception" : "null" }
{ "Level : "INFO", "className" : "Leetcode.GoodPairs", "Method Name" : "numIdenticalPairs", "Point" : "Exit", "Date": "Sun Feb 07 08:52:50 IST 2021", "Exception" : "null" }
{ "Level : "INFO", "className" : "Leetcode.GoodPairs", "Method Name" : "numIdenticalPairs", "Point" : "Entry", "Date": "Sun Feb 07 08:59:05 IST 2021", "Exception" : "null" }
{ "Level : "INFO", "className" : "Leetcode.GoodPairs", "Method Name" : "numIdenticalPairs", "Point" : "Exit", "Date": "Sun Feb 07 08:59:05 IST 2021", "Exception" : "null" }
{ "Level : "INFO", "className" : "Leetcode.KidsWithCandies", "Method Name" : "kidsWithCandies", "Point" : "Entry", "Date": "Tue Feb 09 12:38:10 IST 2021", "Exception" : "null" }
{ "Level : "INFO", "className" : "Leetcode.KidsWithCandies", "Method Name" : "kidsWithCandies", "Point" : "Exit", "Date": "Tue Feb 09 12:38:10 IST 2021", "Exception" : "null" }
{ "Level : "INFO", "className" : "Leetcode.RunningSum", "Method Name" : "runningSum", "Point" : "Entry", "Date": "Tue Feb 09 12:38:16 IST 2021", "Exception" : "null" }
{ "Level : "INFO", "className" : "Leetcode.RunningSum", "Method Name" : "runningSum", "Point" : "Exit", "Date": "Tue Feb 09 12:38:16 IST 2021", "Exception" : "null" }
{ "Level : "INFO", "className" : "Leetcode.DefangingIP", "Method Name" : "defangingIp", "Point" : "Entry", "Date": "Tue Feb 09 12:51:39 IST 2021", "Exception" : "null" }
{ "Level : "INFO", "className" : "leetcode.KidsWithCandies", "Method Name" : "kidsWithCandies", "Point" : "Entry", "Date": "Tue Feb 09 13:02:25 IST 2021", "Exception" : "null" }
{ "Level : "INFO", "className" : "leetcode.KidsWithCandies", "Method Name" : "kidsWithCandies", "Point" : "Exit", "Date": "Tue Feb 09 13:02:26 IST 2021", "Exception" : "null" }
{ "Level : "INFO", "className" : "comparatorAndLambda.ComparableEx", "Method Name" : "main", "Point" : "Entry", "Date": "Mon Feb 15 17:09:43 IST 2021", "Exception" : "null" }
{ "Level : "INFO", "className" : "comparatorAndLambda.Employee", "Method Name" : "compareTo", "Point" : "Entry", "Date": "Mon Feb 15 17:09:43 IST 2021", "Exception" : "null" }
{ "Level : "INFO", "className" : "comparatorAndLambda.Employee", "Method Name" : "compareTo", "Point" : "Entry", "Date": "Mon Feb 15 17:09:43 IST 2021", "Exception" : "null" }
{ "Level : "INFO", "className" : "comparatorAndLambda.Employee", "Method Name" : "compareTo", "Point" : "Entry", "Date": "Mon Feb 15 17:09:43 IST 2021", "Exception" : "null" }
{ "Level : "INFO", "className" : "comparatorAndLambda.Employee", "Method Name" : "compareTo", "Point" : "Entry", "Date": "Mon Feb 15 17:09:43 IST 2021", "Exception" : "null" }
{ "Level : "INFO", "className" : "comparatorAndLambda.EmployeeIdSorter", "Method Name" : "compare", "Point" : "Entry", "Date": "Mon Feb 15 17:09:43 IST 2021", "Exception" : "null" }
{ "Level : "INFO", "className" : "comparatorAndLambda.EmployeeIdSorter", "Method Name" : "compare", "Point" : "Entry", "Date": "Mon Feb 15 17:09:43 IST 2021", "Exception" : "null" }
{ "Level : "INFO", "className" : "comparatorAndLambda.EmployeeIdSorter", "Method Name" : "compare", "Point" : "Entry", "Date": "Mon Feb 15 17:09:43 IST 2021", "Exception" : "null" }
{ "Level : "INFO", "className" : "comparatorAndLambda.EmployeeIdSorter", "Method Name" : "compare", "Point" : "Entry", "Date": "Mon Feb 15 17:09:43 IST 2021", "Exception" : "null" }
{ "Level : "INFO", "className" : "comparatorAndLambda.EmployeeSalarySorter", "Method Name" : "compare", "Point" : "Entry", "Date": "Mon Feb 15 17:09:43 IST 2021", "Exception" : "null" }
{ "Level : "INFO", "className" : "comparatorAndLambda.EmployeeSalarySorter", "Method Name" : "compare", "Point" : "Entry", "Date": "Mon Feb 15 17:09:43 IST 2021", "Exception" : "null" }
{ "Level : "INFO", "className" : "comparatorAndLambda.EmployeeSalarySorter", "Method Name" : "compare", "Point" : "Entry", "Date": "Mon Feb 15 17:09:43 IST 2021", "Exception" : "null" }
{ "Level : "INFO", "className" : "comparatorAndLambda.EmployeeSalarySorter", "Method Name" : "compare", "Point" : "Entry", "Date": "Mon Feb 15 17:09:43 IST 2021", "Exception" : "null" }
{ "Level : "INFO", "className" : "comparatorAndLambda.Employee", "Method Name" : "toString", "Point" : "Entry", "Date": "Mon Feb 15 17:09:43 IST 2021", "Exception" : "null" }
{ "Level : "INFO", "className" : "comparatorAndLambda.Employee", "Method Name" : "toString", "Point" : "Entry", "Date": "Mon Feb 15 17:09:43 IST 2021", "Exception" : "null" }
{ "Level : "INFO", "className" : "comparatorAndLambda.Employee", "Method Name" : "toString", "Point" : "Entry", "Date": "Mon Feb 15 17:09:43 IST 2021", "Exception" : "null" }
{ "Level : "INFO", "className" : "comparatorAndLambda.ComparableEx", "Method Name" : "main", "Point" : "Entry", "Date": "Mon Feb 15 17:14:40 IST 2021", "Exception" : "null" }
{ "Level : "INFO", "className" : "comparatorAndLambda.Employee", "Method Name" : "compareTo", "Point" : "Entry", "Date": "Mon Feb 15 17:14:40 IST 2021", "Exception" : "null" }
{ "Level : "INFO", "className" : "comparatorAndLambda.Employee", "Method Name" : "compareTo", "Point" : "Entry", "Date": "Mon Feb 15 17:14:40 IST 2021", "Exception" : "null" }
{ "Level : "INFO", "className" : "comparatorAndLambda.Employee", "Method Name" : "compareTo", "Point" : "Entry", "Date": "Mon Feb 15 17:14:40 IST 2021", "Exception" : "null" }
{ "Level : "INFO", "className" : "comparatorAndLambda.Employee", "Method Name" : "compareTo", "Point" : "Entry", "Date": "Mon Feb 15 17:14:40 IST 2021", "Exception" : "null" }
{ "Level : "INFO", "className" : "comparatorAndLambda.EmployeeIdSorter", "Method Name" : "compare", "Point" : "Entry", "Date": "Mon Feb 15 17:14:40 IST 2021", "Exception" : "null" }
{ "Level : "INFO", "className" : "comparatorAndLambda.EmployeeIdSorter", "Method Name" : "compare", "Point" : "Entry", "Date": "Mon Feb 15 17:14:40 IST 2021", "Exception" : "null" }
{ "Level : "INFO", "className" : "comparatorAndLambda.EmployeeIdSorter", "Method Name" : "compare", "Point" : "Entry", "Date": "Mon Feb 15 17:14:40 IST 2021", "Exception" : "null" }
{ "Level : "INFO", "className" : "comparatorAndLambda.EmployeeIdSorter", "Method Name" : "compare", "Point" : "Entry", "Date": "Mon Feb 15 17:14:40 IST 2021", "Exception" : "null" }
{ "Level : "INFO", "className" : "comparatorAndLambda.EmployeeSalarySorter", "Method Name" : "compare", "Point" : "Entry", "Date": "Mon Feb 15 17:14:40 IST 2021", "Exception" : "null" }
{ "Level : "INFO", "className" : "comparatorAndLambda.EmployeeSalarySorter", "Method Name" : "compare", "Point" : "Entry", "Date": "Mon Feb 15 17:14:40 IST 2021", "Exception" : "null" }
{ "Level : "INFO", "className" : "comparatorAndLambda.EmployeeSalarySorter", "Method Name" : "compare", "Point" : "Entry", "Date": "Mon Feb 15 17:14:40 IST 2021", "Exception" : "null" }
{ "Level : "INFO", "className" : "comparatorAndLambda.EmployeeSalarySorter", "Method Name" : "compare", "Point" : "Entry", "Date": "Mon Feb 15 17:14:40 IST 2021", "Exception" : "null" }
{ "Level : "INFO", "className" : "comparatorAndLambda.Employee", "Method Name" : "toString", "Point" : "Entry", "Date": "Mon Feb 15 17:14:40 IST 2021", "Exception" : "null" }
{ "Level : "INFO", "className" : "comparatorAndLambda.Employee", "Method Name" : "toString", "Point" : "Entry", "Date": "Mon Feb 15 17:14:40 IST 2021", "Exception" : "null" }
{ "Level : "INFO", "className" : "comparatorAndLambda.Employee", "Method Name" : "toString", "Point" : "Entry", "Date": "Mon Feb 15 17:14:40 IST 2021", "Exception" : "null" }
{ "Level : "INFO", "className" : "comparatorAndLambda.ComparableEx", "Method Name" : "main", "Point" : "Entry", "Date": "Mon Feb 15 17:17:39 IST 2021", "Exception" : "null" }
{ "Level : "INFO", "className" : "comparatorAndLambda.Employee", "Method Name" : "compareTo", "Point" : "Entry", "Date": "Mon Feb 15 17:17:39 IST 2021", "Exception" : "null" }
{ "Level : "INFO", "className" : "comparatorAndLambda.Employee", "Method Name" : "compareTo", "Point" : "Entry", "Date": "Mon Feb 15 17:17:39 IST 2021", "Exception" : "null" }
{ "Level : "INFO", "className" : "comparatorAndLambda.Employee", "Method Name" : "compareTo", "Point" : "Entry", "Date": "Mon Feb 15 17:17:39 IST 2021", "Exception" : "null" }
{ "Level : "INFO", "className" : "comparatorAndLambda.Employee", "Method Name" : "compareTo", "Point" : "Entry", "Date": "Mon Feb 15 17:17:39 IST 2021", "Exception" : "null" }
{ "Level : "INFO", "className" : "comparatorAndLambda.EmployeeIdSorter", "Method Name" : "compare", "Point" : "Entry", "Date": "Mon Feb 15 17:17:39 IST 2021", "Exception" : "null" }
{ "Level : "INFO", "className" : "comparatorAndLambda.EmployeeIdSorter", "Method Name" : "compare", "Point" : "Entry", "Date": "Mon Feb 15 17:17:39 IST 2021", "Exception" : "null" }
{ "Level : "INFO", "className" : "comparatorAndLambda.EmployeeIdSorter", "Method Name" : "compare", "Point" : "Entry", "Date": "Mon Feb 15 17:17:39 IST 2021", "Exception" : "null" }
{ "Level : "INFO", "className" : "comparatorAndLambda.EmployeeIdSorter", "Method Name" : "compare", "Point" : "Entry", "Date": "Mon Feb 15 17:17:39 IST 2021", "Exception" : "null" }
{ "Level : "INFO", "className" : "comparatorAndLambda.EmployeeSalarySorter", "Method Name" : "compare", "Point" : "Entry", "Date": "Mon Feb 15 17:17:39 IST 2021", "Exception" : "null" }
{ "Level : "INFO", "className" : "comparatorAndLambda.EmployeeSalarySorter", "Method Name" : "compare", "Point" : "Entry", "Date": "Mon Feb 15 17:17:39 IST 2021", "Exception" : "null" }
{ "Level : "INFO", "className" : "comparatorAndLambda.EmployeeSalarySorter", "Method Name" : "compare", "Point" : "Entry", "Date": "Mon Feb 15 17:17:39 IST 2021", "Exception" : "null" }
{ "Level : "INFO", "className" : "comparatorAndLambda.EmployeeSalarySorter", "Method Name" : "compare", "Point" : "Entry", "Date": "Mon Feb 15 17:17:39 IST 2021", "Exception" : "null" }
{ "Level : "INFO", "className" : "comparatorAndLambda.Employee", "Method Name" : "toString", "Point" : "Entry", "Date": "Mon Feb 15 17:17:39 IST 2021", "Exception" : "null" }
{ "Level : "INFO", "className" : "comparatorAndLambda.Employee", "Method Name" : "toString", "Point" : "Entry", "Date": "Mon Feb 15 17:17:39 IST 2021", "Exception" : "null" }
{ "Level : "INFO", "className" : "comparatorAndLambda.Employee", "Method Name" : "toString", "Point" : "Entry", "Date": "Mon Feb 15 17:17:39 IST 2021", "Exception" : "null" }
{ "Level : "INFO", "className" : "comparatorAndLambda.ComparableEx", "Method Name" : "main", "Point" : "Entry", "Date": "Wed Feb 17 10:42:00 IST 2021", "Exception" : "null" }
{ "Level : "INFO", "className" : "comparatorAndLambda.Employee", "Method Name" : "compareTo", "Point" : "Entry", "Date": "Wed Feb 17 10:42:00 IST 2021", "Exception" : "null" }
{ "Level : "INFO", "className" : "comparatorAndLambda.Employee", "Method Name" : "compareTo", "Point" : "Entry", "Date": "Wed Feb 17 10:42:00 IST 2021", "Exception" : "null" }
{ "Level : "INFO", "className" : "comparatorAndLambda.Employee", "Method Name" : "compareTo", "Point" : "Entry", "Date": "Wed Feb 17 10:42:00 IST 2021", "Exception" : "null" }
{ "Level : "INFO", "className" : "comparatorAndLambda.Employee", "Method Name" : "compareTo", "Point" : "Entry", "Date": "Wed Feb 17 10:42:00 IST 2021", "Exception" : "null" }
{ "Level : "INFO", "className" : "comparatorAndLambda.EmployeeIdSorter", "Method Name" : "compare", "Point" : "Entry", "Date": "Wed Feb 17 10:42:00 IST 2021", "Exception" : "null" }
{ "Level : "INFO", "className" : "comparatorAndLambda.EmployeeIdSorter", "Method Name" : "compare", "Point" : "Entry", "Date": "Wed Feb 17 10:42:00 IST 2021", "Exception" : "null" }
{ "Level : "INFO", "className" : "comparatorAndLambda.EmployeeIdSorter", "Method Name" : "compare", "Point" : "Entry", "Date": "Wed Feb 17 10:42:00 IST 2021", "Exception" : "null" }
{ "Level : "INFO", "className" : "comparatorAndLambda.EmployeeIdSorter", "Method Name" : "compare", "Point" : "Entry", "Date": "Wed Feb 17 10:42:00 IST 2021", "Exception" : "null" }
{ "Level : "INFO", "className" : "comparatorAndLambda.EmployeeSalarySorter", "Method Name" : "compare", "Point" : "Entry", "Date": "Wed Feb 17 10:42:00 IST 2021", "Exception" : "null" }
{ "Level : "INFO", "className" : "comparatorAndLambda.EmployeeSalarySorter", "Method Name" : "compare", "Point" : "Entry", "Date": "Wed Feb 17 10:42:00 IST 2021", "Exception" : "null" }
{ "Level : "INFO", "className" : "comparatorAndLambda.EmployeeSalarySorter", "Method Name" : "compare", "Point" : "Entry", "Date": "Wed Feb 17 10:42:00 IST 2021", "Exception" : "null" }
{ "Level : "INFO", "className" : "comparatorAndLambda.EmployeeSalarySorter", "Method Name" : "compare", "Point" : "Entry", "Date": "Wed Feb 17 10:42:00 IST 2021", "Exception" : "null" }
{ "Level : "INFO", "className" : "comparatorAndLambda.Employee", "Method Name" : "toString", "Point" : "Entry", "Date": "Wed Feb 17 10:42:00 IST 2021", "Exception" : "null" }
{ "Level : "INFO", "className" : "comparatorAndLambda.Employee", "Method Name" : "toString", "Point" : "Entry", "Date": "Wed Feb 17 10:42:00 IST 2021", "Exception" : "null" }
{ "Level : "INFO", "className" : "comparatorAndLambda.Employee", "Method Name" : "toString", "Point" : "Entry", "Date": "Wed Feb 17 10:42:00 IST 2021", "Exception" : "null" }
{ "Level : "INFO", "className" : "comparatorAndLambda.ComparableEx", "Method Name" : "main", "Point" : "Exit", "Date": "Wed Feb 17 10:42:00 IST 2021", "Exception" : "null" }
{ "Level : "INFO", "className" : "time.MeasurePerformance", "Method Name" : "someMethod", "Point" : "Entry", "Date": "Tue Feb 23 09:57:57 IST 2021", "Exception" : "null" }
{ "Level : "INFO", "className" : "time.MeasurePerformance", "Method Name" : "someMethod", "Point" : "Exit", "Date": "Tue Feb 23 09:57:57 IST 2021", "Exception" : "null" }
{ "Level : "INFO", "className" : "time.MeasurePerformance", "Method Name" : "someMethod", "Point" : "Entry", "Date": "Tue Feb 23 09:57:57 IST 2021", "Exception" : "null" }
{ "Level : "INFO", "className" : "time.MeasurePerformance", "Method Name" : "someMethod", "Point" : "Exit", "Date": "Tue Feb 23 09:57:58 IST 2021", "Exception" : "null" }
{ "Level : "INFO", "className" : "leetcode.CountSmallerNum", "Method Name" : "smallerNumbersThanCurrent", "Point" : "Entry", "Date": "Sun Feb 28 14:18:18 IST 2021", "Exception" : "null" }
{ "Level : "INFO", "className" : "leetcode.CountSmallerNum", "Method Name" : "smallerNumbersThanCurrent", "Point" : "Exit", "Date": "Sun Feb 28 14:18:18 IST 2021", "Exception" : "null" }
{ "Level : "SEVERE", "className" : "file.CsvSplitter", "Method Name" : "main", "Point" : "Error", "Date": "Sun Feb 28 14:21:40 IST 2021", "Exception" : "java.io.FileNotFoundException: \home\local\ZOHOCORP\nandha-con426\Documents\Investing URL\urlsAll.html (The system cannot find the path specified)" }
{ "Level : "SEVERE", "className" : "file.CsvSplitter", "Method Name" : "split", "Point" : "Entry", "Date": "Sun Feb 28 14:21:40 IST 2021", "Exception" : "null" }
{ "Level : "SEVERE", "className" : "file.CsvSplitter", "Method Name" : "split", "Point" : "Error", "Date": "Sun Feb 28 14:21:40 IST 2021", "Exception" : "java.io.FileNotFoundException: \home\local\ZOHOCORP\nandha-con426\Documents\Investing URL\urls\page_0.html (The system cannot find the path specified)" }
{ "Level : "SEVERE", "className" : "file.CsvSplitter", "Method Name" : "split", "Point" : "Exit", "Date": "Sun Feb 28 14:21:40 IST 2021", "Exception" : "null" }
